GROUP,PACKAGE,CLASS,INSTRUCTION_MISSED,INSTRUCTION_COVERED,BRANCH_MISSED,BRANCH_COVERED,LINE_MISSED,LINE_COVERED,COMPLEXITY_MISSED,COMPLEXITY_COVERED,METHOD_MISSED,METHOD_COVERED
CS5004 Assignment,edu.neu.khoury.cs5004.problem1,Runner,0,77,0,4,0,19,0,8,0,6
CS5004 Assignment,edu.neu.khoury.cs5004.problem2,RunnersIterator,70,0,10,0,16,0,10,0,5,0
CS5004 Assignment,edu.neu.khoury.cs5004.problem3,InOrderIterator,5,46,1,5,1,13,1,6,0,4
CS5004 Assignment,edu.neu.khoury.cs5004.problem3,IntegerBinarySearchTree,0,178,0,16,0,45,0,18,0,10
CS5004 Assignment,edu.neu.khoury.cs5004.problem3,PostOrderIterator,5,66,2,10,1,18,2,8,0,4
CS5004 Assignment,edu.neu.khoury.cs5004.problem3,PreOrderIterator,10,44,3,7,1,11,3,5,0,3
CS5004 Assignment,edu.neu.khoury.cs5004.problem3,Node,0,29,0,0,0,12,0,6,0,6
